^ 102 : 2 2.1601 301.6904761904762 2.1601 (2012 - 2013)
^ 104 : 3 3.0548 1055.9166666666667 3.0548 (2022 - 2024)
^ 105 : 5 2.2753 1055.9166666666667 2.2753 (2016 - 2020)
^ 108 : 6 6.5167 301.6904761904762 6.5167 (2009 - 2014)
^ 109 : 4 5.658 234.64814814814815 5.658 (2005 - 2008)
^ 114 : 3 4.0109 111.14912280701755 4.0109 (2009 - 2011)
^ 115 : 3 2.1201 1583.875 2.1201 (2015 - 2017)
^ 119 : 4 3.6289 287.97727272727275 6.0508 (2024 - )
^ 12 : 4 3.3086 234.64814814814815 3.3086 (2017 - 2020)
^ 122 : 6 3.1399 791.9375 3.1399 (2011 - 2016)
^ 123 : 6 5.4705 633.55 5.4705 (2006 - 2011)
^ 128 : 5 3.7106 395.96875 3.7106 (2008 - 2012)
^ 134 : 8 5.3698 575.9545454545455 5.3698 (2005 - 2012)
^ 135 : 2 2.7696 703.9444444444445 2.7696 (2011 - 2012)
^ 137 : 2 3.4969 65.99479166666667 3.4969 (2021 - 2022)
^ 138 : 6 1.6776 316.775 1.6776 (2015 - 2020)
^ 14 : 5 4.1054 527.9583333333334 4.1054 (2023 - )
^ 140 : 3 2.1602 113.13392857142857 2.1602 (2013 - 2015)
^ 143 : 5 10.184 243.67307692307693 10.184 (2014 - 2018)
^ 145 : 7 7.9426 91.81884057971014 7.9426 (2012 - 2018)
^ 148 : 6 5.2501 275.45652173913044 5.2501 (2019 - 2024)
^ 150 : 6 5.1373 140.7888888888889 5.1373 (2008 - 2013)
^ 155 : 7 1.804 1055.9166666666667 1.804 (2005 - 2011)
^ 157 : 3 7.2816 158.3875 7.2816 (2017 - 2019)
^ 158 : 2 7.0251 162.44871794871796 7.0251 (2018 - 2019)
^ 165 : 3 5.2031 90.50714285714285 5.2031 (2018 - 2020)
^ 17 : 4 5.519 275.45652173913044 5.519 (2021 - 2024)
^ 170 : 5 5.7079 575.9545454545455 5.7079 (2023 - )
^ 176 : 4 4.2325 703.9444444444445 4.2325 (2013 - 2016)
^ 179 : 4 4.0542 905.0714285714286 4.0542 (2008 - 2011)
^ 180 : 2 1.8095 791.9375 1.8095 (2014 - 2015)
^ 182 : 3 4.4437 105.59166666666667 4.4437 (2009 - 2011)
^ 183 : 6 3.055 703.9444444444445 3.055 (2013 - 2018)
^ 186 : 2 2.1717 243.67307692307693 4.3949 (2021 - 2022)
^ 19 : 3 4.2771 301.6904761904762 4.2771 (2020 - 2022)
^ 190 : 2 1.8032 791.9375 1.8032 (2020 - 2021)
^ 199 : 3 8.9211 103.86065573770492 8.9211 (2010 - 2012)
^ 204 : 6 2.2 1055.9166666666667 2.2 (2012 - 2017)
^ 207 : 4 3.1546 905.0714285714286 3.1546 (2021 - 2024)
^ 208 : 3 3.809 31.6775 3.809 (2005 - 2007)
^ 209 : 4 4.1858 287.97727272727275 6.4591 (2016 - 2019)
^ 210 : 7 6.2418 253.42 6.2418 (2008 - 2014)
^ 212 : 5 3.995 703.9444444444445 3.995 (2011 - 2015)
^ 213 : 4 3.6099 351.97222222222223 3.6099 (2018 - 2021)
^ 215 : 6 13.0996 32.32397959183673 13.0996 (2006 - 2011)
^ 216 : 4 2.6205 154.52439024390245 6.9164 (2024 - )
^ 221 : 6 3.031 527.9583333333334 3.031 (2008 - 2013)
^ 231 : 2 4.1492 575.9545454545455 4.1492 (2022 - 2023)
^ 237 : 4 2.3007 234.64814814814815 2.3007 (2020 - 2023)
^ 239 : 2 2.5911 243.67307692307693 2.5911 (2018 - 2019)
^ 242 : 4 3.6102 226.26785714285714 6.536 (2024 - )
^ 244 : 3 5.4932 26.50836820083682 5.4932 (2005 - 2007)
^ 245 : 2 2.3643 107.38135593220339 2.3643 (2011 - 2012)
^ 250 : 8 6.9726 78.21604938271605 6.9726 (2005 - 2012)
^ 251 : 3 2.9417 703.9444444444445 2.9417 (2006 - 2008)
^ 255 : 7 7.78 147.3372093023256 7.78 (2006 - 2012)
^ 256 : 4 3.8869 487.34615384615387 3.8869 (2015 - 2018)
^ 258 : 7 16.0969 134.79787234042553 16.0969 (2021 - )
^ 263 : 8 10.7486 46.24452554744526 10.7486 (2020 - )
^ 266 : 7 7.0671 121.83653846153847 7.0671 (2012 - 2018)
^ 269 : 3 3.742 181.0142857142857 3.742 (2007 - 2009)
^ 270 : 7 2.4937 1055.9166666666667 2.4937 (2008 - 2014)
^ 272 : 2 6.7074 126.71 6.7074 (2021 - 2022)
^ 278 : 4 3.7932 527.9583333333334 3.7932 (2018 - 2021)
^ 281 : 9 5.2978 333.44736842105266 5.2978 (2009 - 2017)
^ 282 : 5 3.4262 197.984375 5.7884 (2023 - )
^ 283 : 6 4.0249 703.9444444444445 4.0249 (2022 - )
^ 286 : 3 2.3035 204.3709677419355 2.3035 (2014 - 2016)
^ 290 : 3 2.8545 791.9375 2.8545 (2015 - 2017)
^ 291 : 9 8.5879 181.0142857142857 8.5879 (2006 - 2014)
^ 293 : 4 4.615 301.6904761904762 4.615 (2021 - 2024)
^ 297 : 3 2.961 1055.9166666666667 2.961 (2017 - 2019)
^ 302 : 3 3.7812 67.39893617021276 3.7812 (2018 - 2020)
^ 309 : 3 5.2249 333.44736842105266 5.2249 (2012 - 2014)
^ 31 : 3 3.6324 1055.9166666666667 3.6324 (2009 - 2011)
^ 310 : 6 4.4321 43.69310344827586 4.4321 (2006 - 2011)
^ 311 : 2 4.0898 78.21604938271605 4.0898 (2012 - 2013)
^ 312 : 6 2.384 204.3709677419355 2.384 (2017 - 2022)
^ 314 : 3 1.7036 126.71 1.7036 (2010 - 2012)
^ 315 : 3 6.4245 422.3666666666667 6.4245 (2008 - 2010)
^ 319 : 3 2.0455 1583.875 2.0455 (2016 - 2018)
^ 32 : 5 1.6148 162.44871794871796 1.6148 (2016 - 2020)
^ 321 : 2 2.4205 575.9545454545455 2.4205 (2006 - 2007)
^ 322 : 2 3.276 791.9375 3.276 (2016 - 2017)
^ 323 : 2 1.5977 143.98863636363637 4.2621 (2020 - 2021)
^ 324 : 4 1.8011 703.9444444444445 1.8011 (2019 - 2022)
^ 328 : 2 3.9965 395.96875 6.9433 (2018 - 2019)
^ 332 : 2 4.3872 253.42 4.3872 (2021 - 2022)
^ 335 : 2 2.0504 1055.9166666666667 2.0504 (2014 - 2015)
^ 341 : 7 2.0779 1267.1 2.0779 (2008 - 2014)
^ 343 : 3 3.452 575.9545454545455 3.452 (2019 - 2021)
^ 344 : 3 1.6448 452.5357142857143 1.6448 (2008 - 2010)
^ 351 : 6 2.509 395.96875 2.509 (2006 - 2011)
^ 353 : 5 3.5554 191.9848484848485 3.5554 (2011 - 2015)
^ 357 : 5 3.097 113.13392857142857 3.097 (2015 - 2019)
^ 36 : 7 2.0779 1267.1 2.0779 (2008 - 2014)
^ 362 : 2 2.9031 1267.1 2.9031 (2023 - 2024)
^ 369 : 6 3.5772 791.9375 3.5772 (2022 - )
^ 37 : 6 9.2457 316.775 9.2457 (2005 - 2010)
^ 373 : 7 3.109 791.9375 3.109 (2021 - )
^ 374 : 6 7.5162 275.45652173913044 7.5162 (2010 - 2015)
^ 376 : 2 1.7778 703.9444444444445 1.7778 (2016 - 2017)
^ 378 : 2 2.3579 1583.875 2.3579 (2015 - 2016)
^ 380 : 3 2.4911 1055.9166666666667 2.4911 (2005 - 2007)
^ 381 : 2 3.0873 703.9444444444445 3.0873 (2013 - 2014)
^ 382 : 3 2.9401 1055.9166666666667 2.9401 (2018 - 2020)
^ 384 : 3 2.1596 575.9545454545455 2.1596 (2016 - 2018)
^ 389 : 5 5.4343 316.775 5.4343 (2019 - 2023)
^ 390 : 2 1.8492 226.26785714285714 6.4005 (2019 - 2020)
^ 392 : 5 2.9022 316.775 2.9022 (2020 - 2024)
^ 394 : 5 3.0894 275.45652173913044 3.0894 (2019 - 2023)
^ 40 : 3 1.7092 333.44736842105266 1.7092 (2011 - 2013)
^ 400 : 3 2.1004 186.33823529411765 7.1244 (2018 - 2020)
^ 401 : 5 2.2753 1055.9166666666667 2.2753 (2016 - 2020)
^ 402 : 4 4.3942 316.775 4.3942 (2014 - 2017)
^ 41 : 2 3.5823 633.55 3.5823 (2022 - 2023)
^ 412 : 4 4.9204 150.8452380952381 4.9204 (2008 - 2011)
^ 42 : 5 3.2859 791.9375 3.2859 (2013 - 2017)
^ 420 : 3 3.0588 575.9545454545455 3.0588 (2012 - 2014)
^ 430 : 3 2.1769 905.0714285714286 2.1769 (2022 - 2024)
^ 434 : 5 3.791 351.97222222222223 3.791 (2023 - )
^ 435 : 4 2.1003 218.4655172413793 6.017 (2024 - )
^ 437 : 3 2.3166 575.9545454545455 2.3166 (2010 - 2012)
^ 44 : 3 3.7668 333.44736842105266 3.7668 (2018 - 2020)
^ 444 : 4 3.0416 76.33132530120481 3.0416 (2024 - )
^ 446 : 5 5.3548 372.6764705882353 5.3548 (2023 - )
^ 447 : 3 2.3614 703.9444444444445 2.3614 (2017 - 2019)
^ 450 : 2 3.0873 703.9444444444445 3.0873 (2013 - 2014)
^ 451 : 4 4.1759 395.96875 4.1759 (2012 - 2015)
^ 453 : 5 8.7391 253.42 8.7391 (2023 - )
^ 455 : 2 2.1504 1055.9166666666667 2.1504 (2015 - 2016)
^ 456 : 5 2.714 905.0714285714286 2.714 (2020 - 2024)
^ 457 : 3 1.7563 1267.1 1.7563 (2018 - 2020)
^ 460 : 3 1.6875 166.72368421052633 5.5735 (2020 - 2022)
^ 462 : 2 2.3554 81.22435897435898 2.3554 (2021 - 2022)
^ 463 : 4 5.7678 263.9791666666667 5.7678 (2016 - 2019)
^ 478 : 3 1.7932 395.96875 1.7932 (2010 - 2012)
^ 479 : 2 2.2114 1583.875 2.2114 (2018 - 2019)
^ 48 : 5 5.2425 40.8741935483871 5.2425 (2005 - 2009)
^ 482 : 6 2.2185 1267.1 2.2185 (2022 - )
^ 489 : 3 3.1808 1055.9166666666667 3.1808 (2015 - 2017)
^ 495 : 5 1.7041 1583.875 1.7041 (2012 - 2016)
^ 496 : 2 2.5761 905.0714285714286 2.5761 (2022 - 2023)
^ 5 : 7 2.3274 1267.1 2.3274 (2007 - 2013)
^ 502 : 2 1.9219 575.9545454545455 1.9219 (2018 - 2019)
^ 503 : 4 3.6056 351.97222222222223 3.6056 (2019 - 2022)
^ 505 : 3 2.1816 98.9921875 2.1816 (2014 - 2016)
^ 508 : 2 3.9487 58.66203703703704 3.9487 (2017 - 2018)
^ 51 : 4 2.3503 1267.1 2.3503 (2013 - 2016)
^ 511 : 6 2.9944 395.96875 2.9944 (2022 - )
^ 513 : 2 2.0849 158.3875 3.7143 (2020 - 2021)
^ 519 : 2 1.7464 93.16911764705883 8.0113 (2022 - 2023)
^ 527 : 2 4.3118 905.0714285714286 4.3118 (2011 - 2012)
^ 53 : 2 1.6629 395.96875 3.7684 (2023 - 2024)
^ 532 : 3 2.4211 1583.875 2.4211 (2009 - 2011)
^ 533 : 7 3.8151 191.9848484848485 5.3861 (2021 - )
^ 540 : 3 3.4305 905.0714285714286 3.4305 (2018 - 2020)
^ 546 : 4 5.6313 287.97727272727275 5.6313 (2020 - 2023)
^ 547 : 2 5.2203 76.33132530120481 5.2203 (2020 - 2021)
^ 549 : 7 4.6655 527.9583333333334 4.6655 (2021 - )
^ 554 : 8 7.4167 103.86065573770492 7.4167 (2020 - )
^ 56 : 3 3.0548 1055.9166666666667 3.0548 (2022 - 2024)
^ 560 : 4 3.0192 905.0714285714286 3.0192 (2019 - 2022)
^ 567 : 8 6.0084 129.29591836734693 6.0084 (2013 - 2020)
^ 57 : 3 1.8974 422.3666666666667 1.8974 (2006 - 2008)
^ 570 : 2 2.0758 703.9444444444445 2.0758 (2011 - 2012)
^ 573 : 4 4.3411 905.0714285714286 4.3411 (2005 - 2008)
^ 577 : 3 4.1276 301.6904761904762 4.1276 (2017 - 2019)
^ 579 : 6 2.9629 243.67307692307693 2.9629 (2017 - 2022)
^ 584 : 6 4.1825 487.34615384615387 4.1825 (2014 - 2019)
^ 585 : 4 2.3418 633.55 2.3418 (2016 - 2019)
^ 586 : 4 2.4818 1267.1 2.4818 (2011 - 2014)
^ 587 : 8 7.2974 191.9848484848485 7.2974 (2020 - )
^ 59 : 2 3.0193 575.9545454545455 4.8734 (2015 - 2016)
^ 590 : 2 2.7297 527.9583333333334 2.7297 (2013 - 2014)
^ 591 : 4 2.9195 633.55 2.9195 (2017 - 2020)
^ 594 : 2 3.2529 51.09274193548387 3.2529 (2013 - 2014)
^ 595 : 4 1.6574 113.13392857142857 1.6574 (2021 - 2024)
^ 599 : 2 3.206 275.45652173913044 6.0119 (2019 - 2020)
^ 60 : 7 2.0108 1583.875 2.0108 (2006 - 2012)
^ 601 : 6 3.5807 333.44736842105266 3.5807 (2022 - )
^ 604 : 5 27.5864 83.36184210526316 27.5864 (2023 - )
^ 605 : 6 2.6823 1055.9166666666667 2.6823 (2022 - )
^ 607 : 9 9.7244 234.64814814814815 9.7244 (2005 - 2013)
^ 608 : 5 5.2863 143.98863636363637 7.5044 (2020 - 2024)
^ 61 : 4 3.2353 905.0714285714286 3.2353 (2014 - 2017)
^ 611 : 3 3.0548 1055.9166666666667 3.0548 (2022 - 2024)
^ 612 : 9 2.1817 1267.1 2.1817 (2005 - 2013)
^ 615 : 2 1.8176 82.27922077922078 3.9652 (2014 - 2015)
^ 617 : 6 3.055 703.9444444444445 3.055 (2013 - 2018)
^ 618 : 2 3.3178 1055.9166666666667 3.3178 (2018 - 2019)
^ 627 : 7 3.174 333.44736842105266 3.174 (2005 - 2011)
^ 630 : 2 2.5373 253.42 7.3143 (2014 - 2015)
^ 631 : 3 2.1421 171.22972972972974 2.1421 (2021 - 2023)
^ 635 : 8 4.8404 275.45652173913044 4.8404 (2006 - 2013)
^ 637 : 3 3.4305 905.0714285714286 3.4305 (2018 - 2020)
^ 639 : 5 2.5199 905.0714285714286 2.5199 (2018 - 2022)
^ 64 : 7 3.1147 791.9375 3.1147 (2009 - 2015)
^ 643 : 4 3.7292 234.64814814814815 3.7292 (2024 - )
^ 65 : 2 3.9572 253.42 5.5544 (2013 - 2014)
^ 653 : 4 5.2538 191.9848484848485 5.2538 (2008 - 2011)
^ 655 : 5 6.2048 102.18548387096774 6.2048 (2006 - 2010)
^ 659 : 2 2.8703 1267.1 2.8703 (2013 - 2014)
^ 660 : 3 2.0301 1583.875 2.0301 (2021 - 2023)
^ 664 : 4 1.6961 316.775 4.1417 (2018 - 2021)
^ 665 : 3 3.7717 84.47333333333333 3.7717 (2014 - 2016)
^ 67 : 2 1.7781 204.3709677419355 1.7781 (2006 - 2007)
^ 68 : 5 1.7041 1583.875 1.7041 (2012 - 2016)
^ 69 : 4 1.7247 1583.875 1.7247 (2019 - 2022)
^ 7 : 2 1.6506 333.44736842105266 5.0286 (2019 - 2020)
^ 70 : 4 5.6203 351.97222222222223 5.6203 (2005 - 2008)
^ 72 : 2 3.3671 351.97222222222223 3.3671 (2020 - 2021)
^ 74 : 2 2.4224 791.9375 2.4224 (2017 - 2018)
^ 76 : 3 2.9438 1267.1 2.9438 (2010 - 2012)
^ 8 : 5 2.5367 452.5357142857143 2.5367 (2016 - 2020)
^ 84 : 5 3.5186 703.9444444444445 3.5186 (2014 - 2018)
^ 86 : 2 4.3091 575.9545454545455 4.3091 (2023 - 2024)
^ 87 : 3 2.0301 1583.875 2.0301 (2021 - 2023)
^ 97 : 2 1.9972 372.6764705882353 4.4643 (2022 - 2023)
^ 98 : 8 27.0091 22.87184115523466 27.0091 (2005 - 2012)
